0 verbose cli [
0 verbose cli   '/usr/local/nvm/versions/node/v12.14.1/bin/node',
0 verbose cli   '/usr/local/nvm/versions/node/v12.14.1/bin/npm',
0 verbose cli   'instal'
0 verbose cli ]
1 info using npm@8.2.0
2 info using node@v12.14.1
3 timing npm:load:whichnode Completed in 0ms
4 timing config:load:defaults Completed in 2ms
5 timing config:load:file:/usr/local/nvm/versions/node/v12.14.1/lib/node_modules/npm/npmrc Completed in 1ms
6 timing config:load:builtin Completed in 2ms
7 timing config:load:cli Completed in 1ms
8 timing config:load:env Completed in 1ms
9 timing config:load:file:/home/user207/sample-master/.npmrc Completed in 0ms
10 timing config:load:project Completed in 1ms
11 timing config:load:file:/home/user207/.npmrc Completed in 0ms
12 timing config:load:user Completed in 1ms
13 timing config:load:file:/usr/local/nvm/versions/node/v12.14.1/etc/npmrc Completed in 0ms
14 timing config:load:global Completed in 0ms
15 timing config:load:validate Completed in 0ms
16 timing config:load:credentials Completed in 1ms
17 timing config:load:setEnvs Completed in 1ms
18 timing config:load Completed in 10ms
19 timing npm:load:configload Completed in 10ms
20 timing npm:load:setTitle Completed in 1ms
21 timing config:load:flatten Completed in 2ms
22 timing npm:load:display Completed in 4ms
23 verbose logfile /home/user207/.npm/_logs/2022-01-10T10_58_14_520Z-debug-0.log
24 timing npm:load:logFile Completed in 7ms
25 timing npm:load:timers Completed in 0ms
26 timing npm:load:configScope Completed in 0ms
27 timing npm:load Completed in 24ms
28 timing arborist:ctor Completed in 1ms
29 timing arborist:ctor Completed in 0ms
30 timing idealTree:init Completed in 9ms
31 timing idealTree:userRequests Completed in 0ms
32 silly idealTree buildDeps
33 timing idealTree:#root Completed in 0ms
34 timing idealTree:buildDeps Completed in 1ms
35 timing idealTree:fixDepFlags Completed in 0ms
36 timing idealTree Completed in 12ms
37 timing reify:loadTrees Completed in 14ms
38 timing reify:diffTrees Completed in 1ms
39 silly reify moves {}
40 timing reify:retireShallow Completed in 1ms
41 timing reify:createSparse Completed in 0ms
42 timing reify:loadBundles Completed in 0ms
43 silly audit report null
44 timing reify:audit Completed in 1ms
45 timing reify:unpack Completed in 0ms
46 timing reify:unretire Completed in 0ms
47 timing build:queue Completed in 0ms
48 timing build:deps Completed in 0ms
49 timing build Completed in 0ms
50 timing reify:build Completed in 1ms
51 timing reify:trash Completed in 0ms
52 timing reify:save Completed in 2ms
53 timing reify Completed in 94ms
54 timing command:instal Completed in 96ms
55 verbose stack Error: ENOENT: no such file or directory, open '/home/user207/sample-master/package.json'
56 verbose cwd /home/user207/sample-master
57 verbose Linux 5.10.68+
58 verbose argv "/usr/local/nvm/versions/node/v12.14.1/bin/node" "/usr/local/nvm/versions/node/v12.14.1/bin/npm" "instal"
59 verbose node v12.14.1
60 verbose npm  v8.2.0
61 error code ENOENT
62 error syscall open
63 error path /home/user207/sample-master/package.json
64 error errno -2
65 error enoent ENOENT: no such file or directory, open '/home/user207/sample-master/package.json'
66 error enoent This is related to npm not being able to find a file.
66 error enoent
67 verbose exit -2
68 timing npm Completed in 489ms
69 verbose code -2
70 error A complete log of this run can be found in:
70 error     /home/user207/.npm/_logs/2022-01-10T10_58_14_520Z-debug-0.log
