0 verbose cli [
0 verbose cli   '/usr/local/nvm/versions/node/v12.14.1/bin/node',
0 verbose cli   '/usr/local/nvm/versions/node/v12.14.1/bin/npm',
0 verbose cli   'install',
0 verbose cli   '--ignore-scripts',
0 verbose cli   '@types/request@ts3.8',
0 verbose cli   '@types/asap@ts3.8',
0 verbose cli   '@types/asn1@ts3.8',
0 verbose cli   '@types/assert-plus@ts3.8',
0 verbose cli   '@types/aws4@ts3.8',
0 verbose cli   '@types/caseless@ts3.8',
0 verbose cli   '@types/dashdash@ts3.8',
0 verbose cli   '@types/deep-equal@ts3.8',
0 verbose cli   '@types/extsprintf@ts3.8',
0 verbose cli   '@types/forever-agent@ts3.8',
0 verbose cli   '@types/getpass@ts3.8',
0 verbose cli   '@types/is-arguments@ts3.8',
0 verbose cli   '@types/is-typedarray@ts3.8',
0 verbose cli   '@types/isstream@ts3.8',
0 verbose cli   '@types/jsbn@ts3.8',
0 verbose cli   '@types/json-schema@ts3.8',
0 verbose cli   '@types/json-stringify-safe@ts3.8',
0 verbose cli   '@types/minimist@ts3.8',
0 verbose cli   '@types/psl@ts3.8',
0 verbose cli   '@types/punycode@ts3.8',
0 verbose cli   '@types/sshpk@ts3.8',
0 verbose cli   '@types/tough-cookie@ts3.8',
0 verbose cli   '@types/uglify-js@ts3.8',
0 verbose cli   '@types/verror@ts3.8',
0 verbose cli   '@types/wordwrap@ts3.8',
0 verbose cli   '--save-dev',
0 verbose cli   '--user-agent=typesInstaller/3.8.3'
0 verbose cli ]
1 info using npm@8.2.0
2 info using node@v12.14.1
3 timing npm:load:whichnode Completed in 0ms
4 timing config:load:defaults Completed in 2ms
5 timing config:load:file:/usr/local/nvm/versions/node/v12.14.1/lib/node_modules/npm/npmrc Completed in 1ms
6 timing config:load:builtin Completed in 2ms
7 timing config:load:cli Completed in 2ms
8 timing config:load:env Completed in 2ms
9 timing config:load:file:/home/user207/.cache/typescript/3.8/.npmrc Completed in 0ms
10 timing config:load:project Completed in 1ms
11 timing config:load:file:/home/user207/.npmrc Completed in 0ms
12 timing config:load:user Completed in 0ms
13 timing config:load:file:/usr/local/nvm/versions/node/v12.14.1/etc/npmrc Completed in 0ms
14 timing config:load:global Completed in 0ms
15 timing config:load:validate Completed in 2ms
16 timing config:load:credentials Completed in 1ms
17 timing config:load:setEnvs Completed in 0ms
18 timing config:load Completed in 13ms
19 timing npm:load:configload Completed in 14ms
20 timing npm:load:setTitle Completed in 1ms
21 timing config:load:flatten Completed in 3ms
22 timing npm:load:display Completed in 3ms
23 verbose logfile /home/user207/.npm/_logs/2022-01-11T05_56_54_441Z-debug-0.log
24 timing npm:load:logFile Completed in 5ms
25 timing npm:load:timers Completed in 0ms
26 timing npm:load:configScope Completed in 0ms
27 timing npm:load Completed in 24ms
28 timing arborist:ctor Completed in 1ms
29 timing idealTree:init Completed in 144ms
30 timing arborist:ctor Completed in 1ms
31 http fetch GET 200 https://registry.yarnpkg.com/@types%2fis-typedarray 298ms (cache miss)
32 http fetch GET 200 https://registry.yarnpkg.com/@types%2fextsprintf 301ms (cache miss)
33 http fetch GET 200 https://registry.yarnpkg.com/@types%2fis-arguments 301ms (cache miss)
34 http fetch GET 200 https://registry.yarnpkg.com/@types%2fasap 305ms (cache miss)
35 http fetch GET 200 https://registry.yarnpkg.com/@types%2fisstream 303ms (cache miss)
36 http fetch GET 200 https://registry.yarnpkg.com/@types%2frequest 307ms (cache miss)
37 http fetch GET 200 https://registry.yarnpkg.com/@types%2fdashdash 305ms (cache miss)
38 http fetch GET 200 https://registry.yarnpkg.com/@types%2fgetpass 305ms (cache miss)
39 http fetch GET 200 https://registry.yarnpkg.com/@types%2fassert-plus 308ms (cache miss)
40 http fetch GET 200 https://registry.yarnpkg.com/@types%2fjsbn 307ms (cache miss)
41 http fetch GET 200 https://registry.yarnpkg.com/@types%2fdeep-equal 309ms (cache miss)
42 http fetch GET 200 https://registry.yarnpkg.com/@types%2fcaseless 311ms (cache miss)
43 http fetch GET 200 https://registry.yarnpkg.com/@types%2fjson-schema 310ms (cache miss)
44 http fetch GET 200 https://registry.yarnpkg.com/@types%2fjson-stringify-safe 309ms (cache miss)
45 http fetch GET 200 https://registry.yarnpkg.com/@types%2fpunycode 310ms (cache miss)
46 http fetch GET 200 https://registry.yarnpkg.com/@types%2ftough-cookie 312ms (cache miss)
47 http fetch GET 200 https://registry.yarnpkg.com/@types%2fuglify-js 313ms (cache miss)
48 http fetch GET 200 https://registry.yarnpkg.com/@types%2fsshpk 313ms (cache miss)
49 http fetch GET 200 https://registry.yarnpkg.com/@types%2fverror 313ms (cache miss)
50 http fetch GET 200 https://registry.yarnpkg.com/@types%2fpsl 315ms (cache miss)
51 http fetch GET 200 https://registry.yarnpkg.com/@types%2fasn1 319ms (cache miss)
52 http fetch GET 200 https://registry.yarnpkg.com/@types%2faws4 320ms (cache miss)
53 http fetch GET 200 https://registry.yarnpkg.com/@types%2fminimist 1125ms (cache miss)
54 http fetch GET 200 https://registry.yarnpkg.com/@types%2fforever-agent 1930ms (cache miss)
55 http fetch GET 200 https://registry.yarnpkg.com/@types%2fwordwrap 1962ms (cache miss)
56 timing idealTree:userRequests Completed in 1997ms
57 silly idealTree buildDeps
58 silly fetch manifest @types/request@2.48.8
59 silly fetch manifest @types/asap@2.0.0
60 silly fetch manifest @types/asn1@0.2.0
61 silly fetch manifest @types/assert-plus@1.0.4
62 silly fetch manifest @types/aws4@1.5.2
63 silly fetch manifest @types/caseless@0.12.2
64 silly fetch manifest @types/dashdash@1.14.1
65 silly fetch manifest @types/deep-equal@1.0.1
66 silly fetch manifest @types/extsprintf@1.4.2
67 silly fetch manifest @types/forever-agent@0.6.1
68 silly fetch manifest @types/getpass@0.1.1
69 silly fetch manifest @types/is-arguments@1.0.0
70 silly fetch manifest @types/is-typedarray@1.0.0
71 silly fetch manifest @types/isstream@0.1.0
72 silly fetch manifest @types/jsbn@1.2.30
73 silly fetch manifest @types/json-schema@7.0.9
74 silly fetch manifest @types/json-stringify-safe@5.0.0
75 silly fetch manifest @types/minimist@1.2.2
76 silly fetch manifest @types/psl@1.1.0
77 silly fetch manifest @types/punycode@2.1.0
78 silly fetch manifest @types/sshpk@1.10.7
79 silly fetch manifest @types/tough-cookie@4.0.1
80 silly fetch manifest @types/uglify-js@3.13.1
81 silly fetch manifest @types/verror@1.10.5
82 silly fetch manifest @types/wordwrap@1.0.1
83 silly placeDep ROOT @types/asap@2.0.0 OK for:  want: 2.0.0
84 silly placeDep ROOT @types/asn1@0.2.0 OK for:  want: 0.2.0
85 silly placeDep ROOT @types/assert-plus@1.0.4 OK for:  want: 1.0.4
86 silly placeDep ROOT @types/aws4@1.5.2 OK for:  want: 1.5.2
87 silly placeDep ROOT @types/caseless@0.12.2 OK for:  want: 0.12.2
88 silly placeDep ROOT @types/dashdash@1.14.1 OK for:  want: 1.14.1
89 silly placeDep ROOT @types/deep-equal@1.0.1 OK for:  want: 1.0.1
90 silly placeDep ROOT @types/extsprintf@1.4.2 OK for:  want: 1.4.2
91 silly placeDep ROOT @types/forever-agent@0.6.1 OK for:  want: 0.6.1
92 silly placeDep ROOT @types/getpass@0.1.1 OK for:  want: 0.1.1
93 silly placeDep ROOT @types/is-arguments@1.0.0 OK for:  want: 1.0.0
94 silly placeDep ROOT @types/is-typedarray@1.0.0 OK for:  want: 1.0.0
95 silly placeDep ROOT @types/isstream@0.1.0 OK for:  want: 0.1.0
96 silly placeDep ROOT @types/jsbn@1.2.30 OK for:  want: 1.2.30
97 silly placeDep ROOT @types/json-schema@7.0.9 OK for:  want: 7.0.9
98 silly placeDep ROOT @types/json-stringify-safe@5.0.0 OK for:  want: 5.0.0
99 silly placeDep ROOT @types/minimist@1.2.2 OK for:  want: 1.2.2
100 silly placeDep ROOT @types/psl@1.1.0 OK for:  want: 1.1.0
101 silly placeDep ROOT @types/punycode@2.1.0 OK for:  want: 2.1.0
102 silly placeDep ROOT @types/request@2.48.8 OK for:  want: 2.48.8
103 silly placeDep ROOT @types/sshpk@1.10.7 OK for:  want: 1.10.7
104 silly placeDep ROOT @types/tough-cookie@4.0.1 OK for:  want: 4.0.1
105 silly placeDep ROOT @types/uglify-js@3.13.1 OK for:  want: 3.13.1
106 silly placeDep ROOT @types/verror@1.10.5 OK for:  want: 1.10.5
107 silly placeDep ROOT @types/wordwrap@1.0.1 OK for:  want: 1.0.1
108 silly fetch manifest form-data@^2.5.0
109 http fetch GET 200 https://registry.yarnpkg.com/form-data 26ms (cache miss)
110 timing idealTree:#root Completed in 136ms
111 timing idealTree:node_modules/@types/asap Completed in 0ms
112 timing idealTree:node_modules/@types/asn1 Completed in 0ms
113 timing idealTree:node_modules/@types/assert-plus Completed in 0ms
114 timing idealTree:node_modules/@types/aws4 Completed in 0ms
115 timing idealTree:node_modules/@types/caseless Completed in 0ms
116 timing idealTree:node_modules/@types/dashdash Completed in 0ms
117 timing idealTree:node_modules/@types/deep-equal Completed in 0ms
118 timing idealTree:node_modules/@types/extsprintf Completed in 0ms
119 timing idealTree:node_modules/@types/forever-agent Completed in 0ms
120 timing idealTree:node_modules/@types/getpass Completed in 0ms
121 timing idealTree:node_modules/@types/is-arguments Completed in 1ms
122 timing idealTree:node_modules/@types/is-typedarray Completed in 0ms
123 timing idealTree:node_modules/@types/isstream Completed in 0ms
124 timing idealTree:node_modules/@types/jsbn Completed in 0ms
125 timing idealTree:node_modules/@types/json-schema Completed in 0ms
126 timing idealTree:node_modules/@types/json-stringify-safe Completed in 0ms
127 timing idealTree:node_modules/@types/minimist Completed in 0ms
128 timing idealTree:node_modules/@types/psl Completed in 0ms
129 timing idealTree:node_modules/@types/punycode Completed in 0ms
130 silly placeDep ROOT form-data@2.5.1 OK for: @types/request@2.48.8 want: ^2.5.0
131 silly fetch manifest asynckit@^0.4.0
132 silly fetch manifest combined-stream@^1.0.6
133 silly fetch manifest mime-types@^2.1.12
134 http fetch GET 200 https://registry.yarnpkg.com/asynckit 34ms (cache miss)
135 http fetch GET 200 https://registry.yarnpkg.com/mime-types 35ms (cache miss)
136 http fetch GET 200 https://registry.yarnpkg.com/combined-stream 45ms (cache miss)
137 timing idealTree:node_modules/@types/request Completed in 48ms
138 timing idealTree:node_modules/@types/sshpk Completed in 0ms
139 timing idealTree:node_modules/@types/tough-cookie Completed in 0ms
140 timing idealTree:node_modules/@types/uglify-js Completed in 0ms
141 timing idealTree:node_modules/@types/verror Completed in 0ms
142 timing idealTree:node_modules/@types/wordwrap Completed in 0ms
143 silly placeDep ROOT asynckit@0.4.0 OK for: form-data@2.5.1 want: ^0.4.0
144 silly placeDep ROOT combined-stream@1.0.8 OK for: form-data@2.5.1 want: ^1.0.6
145 silly placeDep ROOT mime-types@2.1.34 OK for: form-data@2.5.1 want: ^2.1.12
146 silly fetch manifest delayed-stream@~1.0.0
147 silly fetch manifest mime-db@1.51.0
148 http fetch GET 200 https://registry.yarnpkg.com/delayed-stream 32ms (cache miss)
149 http fetch GET 200 https://registry.yarnpkg.com/mime-db 35ms (cache miss)
150 timing idealTree:node_modules/form-data Completed in 45ms
151 timing idealTree:node_modules/asynckit Completed in 0ms
152 silly placeDep ROOT delayed-stream@1.0.0 OK for: combined-stream@1.0.8 want: ~1.0.0
153 timing idealTree:node_modules/combined-stream Completed in 2ms
154 timing idealTree:node_modules/delayed-stream Completed in 0ms
155 silly placeDep ROOT mime-db@1.51.0 OK for: mime-types@2.1.34 want: 1.51.0
156 timing idealTree:node_modules/mime-types Completed in 3ms
157 timing idealTree:node_modules/mime-db Completed in 0ms
158 timing idealTree:buildDeps Completed in 240ms
159 timing idealTree:fixDepFlags Completed in 3ms
160 timing idealTree Completed in 2389ms
161 timing reify:loadTrees Completed in 2390ms
162 timing reify:diffTrees Completed in 7ms
163 silly reify moves {}
164 timing reify:retireShallow Completed in 0ms
165 timing reify:createSparse Completed in 8ms
166 timing reify:loadBundles Completed in 0ms
167 silly audit bulk request {
167 silly audit   '@types/accepts': [ '1.3.5' ],
167 silly audit   '@types/archy': [ '0.0.32' ],
167 silly audit   '@types/argparse': [ '1.0.38' ],
167 silly audit   '@types/babel-types': [ '7.0.11' ],
167 silly audit   '@types/balanced-match': [ '1.0.2' ],
167 silly audit   '@types/body-parser': [ '1.19.2' ],
167 silly audit   '@types/brace-expansion': [ '1.1.0' ],
167 silly audit   '@types/braces': [ '3.0.1' ],
167 silly audit   '@types/bytes': [ '3.1.1' ],
167 silly audit   '@types/chai': [ '4.3.0' ],
167 silly audit   '@types/check-error': [ '1.0.0' ],
167 silly audit   '@types/color-convert': [ '2.0.0' ],
167 silly audit   '@types/color-name': [ '1.1.1' ],
167 silly audit   '@types/combined-stream': [ '1.0.3' ],
167 silly audit   '@types/commondir': [ '1.0.0' ],
167 silly audit   '@types/component-emitter': [ '1.2.11' ],
167 silly audit   '@types/concat-map': [ '0.0.1' ],
167 silly audit   '@types/connect': [ '3.4.35' ],
167 silly audit   '@types/content-disposition': [ '0.5.4' ],
167 silly audit   '@types/content-type': [ '1.1.5' ],
167 silly audit   '@types/convert-source-map': [ '1.5.2' ],
167 silly audit   '@types/cookie': [ '0.4.1' ],
167 silly audit   '@types/cookie-signature': [ '1.0.4' ],
167 silly audit   '@types/cookiejar': [ '2.1.2' ],
167 silly audit   '@types/cross-spawn': [ '6.0.2' ],
167 silly audit   '@types/debug': [ '4.1.7' ],
167 silly audit   '@types/define-properties': [ '1.1.3' ],
167 silly audit   '@types/depd': [ '1.1.32' ],
167 silly audit   '@types/destroy': [ '1.0.0' ],
167 silly audit   '@types/diff': [ '5.0.2' ],
167 silly audit   '@types/ee-first': [ '1.1.0' ],
167 silly audit   '@types/encodeurl': [ '1.0.0' ],
167 silly audit   '@types/end-of-stream': [ '1.4.1' ],
167 silly audit   '@types/es-abstract': [ '1.17.3' ],
167 silly audit   '@types/es-to-primitive': [ '1.2.4' ],
167 silly audit   '@types/escape-html': [ '1.0.1' ],
167 silly audit   '@types/esprima': [ '4.0.3' ],
167 silly audit   '@types/estree': [ '0.0.50' ],
167 silly audit   '@types/esutils': [ '2.0.0' ],
167 silly audit   '@types/etag': [ '1.8.1' ],
167 silly audit   '@types/express': [ '4.17.13' ],
167 silly audit   '@types/express-serve-static-core': [ '4.17.27' ],
167 silly audit   '@types/extend': [ '3.0.1' ],
167 silly audit   '@types/fill-range': [ '7.0.0' ],
167 silly audit   '@types/finalhandler': [ '1.1.1' ],
167 silly audit   '@types/find-cache-dir': [ '3.2.1' ],
167 silly audit   '@types/flat': [ '5.0.2' ],
167 silly audit   '@types/formidable': [ '2.0.3' ],
167 silly audit   '@types/forwarded': [ '0.1.0' ],
167 silly audit   '@types/fresh': [ '0.5.0' ],
167 silly audit   '@types/function-bind': [ '1.1.6' ],
167 silly audit   '@types/get-func-name': [ '2.0.0' ],
167 silly audit   '@types/glob': [ '7.2.0' ],
167 silly audit   '@types/glob-parent': [ '5.1.1' ],
167 silly audit   '@types/graceful-fs': [ '4.1.4' ],
167 silly audit   '@types/has': [ '1.0.0' ],
167 silly audit   '@types/has-symbols': [ '1.0.0' ],
167 silly audit   '@types/he': [ '1.1.2' ],
167 silly audit   '@types/hosted-git-info': [ '3.0.2' ],
167 silly audit   '@types/html-escaper': [ '3.0.0' ],
167 silly audit   '@types/http-errors': [ '1.8.1' ],
167 silly audit   '@types/imurmurhash': [ '0.1.1' ],
167 silly audit   '@types/inherits': [ '0.0.30' ],
167 silly audit   '@types/is-buffer': [ '2.0.0' ],
167 silly audit   '@types/is-callable': [ '1.1.0' ],
167 silly audit   '@types/is-date-object': [ '1.0.2' ],
167 silly audit   '@types/is-glob': [ '4.0.2' ],
167 silly audit   '@types/is-number': [ '7.0.2' ],
167 silly audit   '@types/is-regex': [ '1.0.0' ],
167 silly audit   '@types/isarray': [ '2.0.0' ],
167 silly audit   '@types/isexe': [ '2.0.1' ],
167 silly audit   '@types/istanbul-lib-coverage': [ '2.0.4' ],
167 silly audit   '@types/istanbul-lib-hook': [ '2.0.1' ],
167 silly audit   '@types/istanbul-lib-instrument': [ '1.7.4' ],
167 silly audit   '@types/istanbul-lib-report': [ '3.0.0' ],
167 silly audit   '@types/istanbul-lib-source-maps': [ '4.0.1' ],
167 silly audit   '@types/istanbul-reports': [ '3.0.1' ],
167 silly audit   '@types/js-yaml': [ '4.0.5' ],
167 silly audit   '@types/jsesc': [ '3.0.1' ],
167 silly audit   '@types/json-parse-better-errors': [ '1.0.0' ],
167 silly audit   '@types/lodash': [ '4.14.178' ],
167 silly audit   '@types/lodash.flattendeep': [ '4.4.6' ],
167 silly audit   '@types/lru-cache': [ '5.1.1' ],
167 silly audit   '@types/media-typer': [ '1.1.1' ],
167 silly audit   '@types/merge-descriptors': [ '1.0.1' ],
167 silly audit   '@types/methods': [ '1.1.1' ],
167 silly audit   '@types/mime': [ '2.0.3', '1.3.2' ],
167 silly audit   '@types/mime-db': [ '1.43.1' ],
167 silly audit   '@types/mime-types': [ '2.1.1' ],
167 silly audit   '@types/minimatch': [ '3.0.5' ],
167 silly audit   '@types/mkdirp': [ '1.0.2' ],
167 silly audit   '@types/mocha': [ '9.0.0' ],
167 silly audit   '@types/ms': [ '0.7.31' ],
167 silly audit   '@types/negotiator': [ '0.6.1' ],
167 silly audit   '@types/nested-error-stacks': [ '2.1.0' ],
167 silly audit   '@types/nice-try': [ '2.1.0' ],
167 silly audit   '@types/node': [ '17.0.8' ],
167 silly audit   '@types/normalize-package-data': [ '2.4.1' ],
167 silly audit   '@types/normalize-path': [ '3.0.0' ],
167 silly audit   '@types/number-is-nan': [ '2.0.0' ],
167 silly audit   '@types/object-inspect': [ '1.8.1' ],
167 silly audit   '@types/object-keys': [ '1.0.1' ],
167 silly audit   '@types/object.getownpropertydescriptors': [ '2.1.1' ],
167 silly audit   '@types/on-finished': [ '2.3.1' ],
167 silly audit   '@types/once': [ '1.4.0' ],
167 silly audit   '@types/os-homedir': [ '1.0.0' ],
167 silly audit   '@types/parse-json': [ '4.0.0' ],
167 silly audit   '@types/parseurl': [ '1.3.1' ],
167 silly audit   '@types/path-is-absolute': [ '1.0.0' ],
167 silly audit   '@types/path-parse': [ '1.0.19' ],
167 silly audit   '@types/pathval': [ '1.1.0' ],
167 silly audit   '@types/picomatch': [ '2.3.0' ],
167 silly audit   '@types/pify': [ '5.0.1' ],
167 silly audit   '@types/proxy-addr': [ '2.0.0' ],
167 silly audit   '@types/pump': [ '1.1.1' ],
167 silly audit   '@types/qs': [ '6.9.7' ],
167 silly audit   '@types/range-parser': [ '1.2.4' ],
167 silly audit   '@types/readable-stream': [ '2.3.13' ],
167 silly audit   '@types/require-directory': [ '2.1.2' ],
167 silly audit   '@types/resolve': [ '1.20.1' ],
167 silly audit   '@types/rimraf': [ '3.0.2' ],
167 silly audit   '@types/safer-buffer': [ '2.1.0' ],
167 silly audit   '@types/semver': [ '7.3.9' ],
167 silly audit   '@types/send': [ '0.17.1' ],
167 silly audit   '@types/serve-static': [ '1.13.10' ],
167 silly audit   '@types/shebang-command': [ '1.2.0' ],
167 silly audit   '@types/signal-exit': [ '3.0.1' ],
167 silly audit   '@types/spdx-correct': [ '2.0.0' ],
167 silly audit   '@types/spdx-expression-parse': [ '3.0.1' ],
167 silly audit   '@types/sprintf': [ '0.1.0' ],
167 silly audit   '@types/sprintf-js': [ '1.1.2' ],
167 silly audit   '@types/statuses': [ '2.0.0' ],
167 silly audit   '@types/superagent': [ '4.1.14' ],
167 silly audit   '@types/supertest': [ '2.0.11' ],
167 silly audit   '@types/supports-color': [ '8.1.1' ],
167 silly audit   '@types/to-regex-range': [ '5.0.0' ],
167 silly audit   '@types/type-detect': [ '4.0.1' ],
167 silly audit   '@types/type-is': [ '1.6.3' ],
167 silly audit   '@types/util-deprecate': [ '1.0.0' ],
167 silly audit   '@types/utils-merge': [ '0.0.28' ],
167 silly audit   '@types/uuid': [ '8.3.4' ],
167 silly audit   '@types/validate-npm-package-license': [ '3.0.1' ],
167 silly audit   '@types/vary': [ '1.1.0' ],
167 silly audit   '@types/which': [ '2.0.1' ],
167 silly audit   '@types/wrap-ansi': [ '8.0.1' ],
167 silly audit   '@types/write-file-atomic': [ '3.0.3' ],
167 silly audit   '@types/yallist': [ '4.0.1' ],
167 silly audit   '@types/yargs': [ '17.0.8' ],
167 silly audit   '@types/yargs-parser': [ '20.2.1' ],
167 silly audit   '@types/yargs-unparser': [ '2.0.1' ],
167 silly audit   'safe-buffer': [ '5.2.1' ],
167 silly audit   'source-map': [ '0.6.1' ],
167 silly audit   'types-registry': [ '0.1.575' ],
167 silly audit   '@types/asap': [ '2.0.0' ],
167 silly audit   '@types/asn1': [ '0.2.0' ],
167 silly audit   '@types/assert-plus': [ '1.0.4' ],
167 silly audit   '@types/aws4': [ '1.5.2' ],
167 silly audit   '@types/caseless': [ '0.12.2' ],
167 silly audit   '@types/dashdash': [ '1.14.1' ],
167 silly audit   '@types/deep-equal': [ '1.0.1' ],
167 silly audit   '@types/extsprintf': [ '1.4.2' ],
167 silly audit   '@types/forever-agent': [ '0.6.1' ],
167 silly audit   '@types/getpass': [ '0.1.1' ],
167 silly audit   '@types/is-arguments': [ '1.0.0' ],
167 silly audit   '@types/is-typedarray': [ '1.0.0' ],
167 silly audit   '@types/isstream': [ '0.1.0' ],
167 silly audit   '@types/jsbn': [ '1.2.30' ],
167 silly audit   '@types/json-schema': [ '7.0.9' ],
167 silly audit   '@types/json-stringify-safe': [ '5.0.0' ],
167 silly audit   '@types/minimist': [ '1.2.2' ],
167 silly audit   '@types/psl': [ '1.1.0' ],
167 silly audit   '@types/punycode': [ '2.1.0' ],
167 silly audit   '@types/request': [ '2.48.8' ],
167 silly audit   '@types/sshpk': [ '1.10.7' ],
167 silly audit   '@types/tough-cookie': [ '4.0.1' ],
167 silly audit   '@types/uglify-js': [ '3.13.1' ],
167 silly audit   '@types/verror': [ '1.10.5' ],
167 silly audit   '@types/wordwrap': [ '1.0.1' ],
167 silly audit   'form-data': [ '2.5.1' ],
167 silly audit   asynckit: [ '0.4.0' ],
167 silly audit   'combined-stream': [ '1.0.8' ],
167 silly audit   'mime-types': [ '2.1.34' ],
167 silly audit   'delayed-stream': [ '1.0.0' ],
167 silly audit   'mime-db': [ '1.51.0' ]
167 silly audit }
168 silly tarball no local data for mime-db@https://registry.yarnpkg.com/mime-db/-/mime-db-1.51.0.tgz. Extracting by manifest.
169 silly tarball no local data for mime-types@https://registry.yarnpkg.com/mime-types/-/mime-types-2.1.34.tgz. Extracting by manifest.
170 silly tarball no local data for form-data@https://registry.yarnpkg.com/form-data/-/form-data-2.5.1.tgz. Extracting by manifest.
171 silly tarball no local data for @types/wordwrap@https://registry.yarnpkg.com/@types/wordwrap/-/wordwrap-1.0.1.tgz. Extracting by manifest.
172 silly tarball no local data for @types/verror@https://registry.yarnpkg.com/@types/verror/-/verror-1.10.5.tgz. Extracting by manifest.
173 silly tarball no local data for @types/uglify-js@https://registry.yarnpkg.com/@types/uglify-js/-/uglify-js-3.13.1.tgz. Extracting by manifest.
174 silly tarball no local data for @types/tough-cookie@https://registry.yarnpkg.com/@types/tough-cookie/-/tough-cookie-4.0.1.tgz. Extracting by manifest.
175 silly tarball no local data for @types/sshpk@https://registry.yarnpkg.com/@types/sshpk/-/sshpk-1.10.7.tgz. Extracting by manifest.
176 silly tarball no local data for @types/request@https://registry.yarnpkg.com/@types/request/-/request-2.48.8.tgz. Extracting by manifest.
177 silly tarball no local data for @types/punycode@https://registry.yarnpkg.com/@types/punycode/-/punycode-2.1.0.tgz. Extracting by manifest.
178 silly tarball no local data for @types/psl@https://registry.yarnpkg.com/@types/psl/-/psl-1.1.0.tgz. Extracting by manifest.
179 silly tarball no local data for @types/minimist@https://registry.yarnpkg.com/@types/minimist/-/minimist-1.2.2.tgz. Extracting by manifest.
180 silly tarball no local data for @types/json-stringify-safe@https://registry.yarnpkg.com/@types/json-stringify-safe/-/json-stringify-safe-5.0.0.tgz. Extracting by manifest.
181 silly tarball no local data for @types/json-schema@https://registry.yarnpkg.com/@types/json-schema/-/json-schema-7.0.9.tgz. Extracting by manifest.
182 silly tarball no local data for @types/jsbn@https://registry.yarnpkg.com/@types/jsbn/-/jsbn-1.2.30.tgz. Extracting by manifest.
183 silly tarball no local data for @types/isstream@https://registry.yarnpkg.com/@types/isstream/-/isstream-0.1.0.tgz. Extracting by manifest.
184 silly tarball no local data for @types/is-typedarray@https://registry.yarnpkg.com/@types/is-typedarray/-/is-typedarray-1.0.0.tgz. Extracting by manifest.
185 silly tarball no local data for @types/is-arguments@https://registry.yarnpkg.com/@types/is-arguments/-/is-arguments-1.0.0.tgz. Extracting by manifest.
186 silly tarball no local data for @types/getpass@https://registry.yarnpkg.com/@types/getpass/-/getpass-0.1.1.tgz. Extracting by manifest.
187 silly tarball no local data for @types/forever-agent@https://registry.yarnpkg.com/@types/forever-agent/-/forever-agent-0.6.1.tgz. Extracting by manifest.
188 silly tarball no local data for @types/extsprintf@https://registry.yarnpkg.com/@types/extsprintf/-/extsprintf-1.4.2.tgz. Extracting by manifest.
189 silly tarball no local data for @types/deep-equal@https://registry.yarnpkg.com/@types/deep-equal/-/deep-equal-1.0.1.tgz. Extracting by manifest.
190 silly tarball no local data for @types/dashdash@https://registry.yarnpkg.com/@types/dashdash/-/dashdash-1.14.1.tgz. Extracting by manifest.
191 silly tarball no local data for @types/caseless@https://registry.yarnpkg.com/@types/caseless/-/caseless-0.12.2.tgz. Extracting by manifest.
192 silly tarball no local data for @types/aws4@https://registry.yarnpkg.com/@types/aws4/-/aws4-1.5.2.tgz. Extracting by manifest.
193 silly tarball no local data for @types/assert-plus@https://registry.yarnpkg.com/@types/assert-plus/-/assert-plus-1.0.4.tgz. Extracting by manifest.
194 silly tarball no local data for @types/asn1@https://registry.yarnpkg.com/@types/asn1/-/asn1-0.2.0.tgz. Extracting by manifest.
195 silly tarball no local data for @types/asap@https://registry.yarnpkg.com/@types/asap/-/asap-2.0.0.tgz. Extracting by manifest.
196 timing reifyNode:node_modules/combined-stream Completed in 187ms
197 timing reifyNode:node_modules/delayed-stream Completed in 198ms
198 http fetch POST 200 https://registry.yarnpkg.com/-/npm/v1/security/advisories/bulk 271ms
199 timing auditReport:getReport Completed in 276ms
200 silly audit report {}
201 timing auditReport:init Completed in 0ms
202 timing reify:audit Completed in 277ms
203 http fetch GET 200 https://registry.yarnpkg.com/@types/punycode/-/punycode-2.1.0.tgz 253ms (cache miss)
204 timing reifyNode:node_modules/@types/punycode Completed in 294ms
205 http fetch GET 200 https://registry.yarnpkg.com/@types/json-stringify-safe/-/json-stringify-safe-5.0.0.tgz 252ms (cache miss)
206 timing reifyNode:node_modules/@types/json-stringify-safe Completed in 295ms
207 http fetch GET 200 https://registry.yarnpkg.com/@types/jsbn/-/jsbn-1.2.30.tgz 251ms (cache miss)
208 timing reifyNode:node_modules/@types/jsbn Completed in 296ms
209 timing reifyNode:node_modules/asynckit Completed in 297ms
210 http fetch GET 200 https://registry.yarnpkg.com/@types/sshpk/-/sshpk-1.10.7.tgz 257ms (cache miss)
211 timing reifyNode:node_modules/@types/sshpk Completed in 298ms
212 http fetch GET 200 https://registry.yarnpkg.com/@types/request/-/request-2.48.8.tgz 258ms (cache miss)
213 timing reifyNode:node_modules/@types/request Completed in 298ms
214 http fetch GET 200 https://registry.yarnpkg.com/@types/uglify-js/-/uglify-js-3.13.1.tgz 264ms (cache miss)
215 timing reifyNode:node_modules/@types/uglify-js Completed in 302ms
216 http fetch GET 200 https://registry.yarnpkg.com/@types/json-schema/-/json-schema-7.0.9.tgz 258ms (cache miss)
217 timing reifyNode:node_modules/@types/json-schema Completed in 302ms
218 http fetch GET 200 https://registry.yarnpkg.com/@types/psl/-/psl-1.1.0.tgz 261ms (cache miss)
219 timing reifyNode:node_modules/@types/psl Completed in 303ms
220 http fetch GET 200 https://registry.yarnpkg.com/@types/tough-cookie/-/tough-cookie-4.0.1.tgz 266ms (cache miss)
221 timing reifyNode:node_modules/@types/tough-cookie Completed in 305ms
222 http fetch GET 200 https://registry.yarnpkg.com/@types/isstream/-/isstream-0.1.0.tgz 260ms (cache miss)
223 timing reifyNode:node_modules/@types/isstream Completed in 305ms
224 http fetch GET 200 https://registry.yarnpkg.com/@types/is-typedarray/-/is-typedarray-1.0.0.tgz 261ms (cache miss)
225 timing reifyNode:node_modules/@types/is-typedarray Completed in 306ms
226 http fetch GET 200 https://registry.yarnpkg.com/mime-types/-/mime-types-2.1.34.tgz 276ms (cache miss)
227 timing reifyNode:node_modules/mime-types Completed in 310ms
228 http fetch GET 200 https://registry.yarnpkg.com/@types/forever-agent/-/forever-agent-0.6.1.tgz 262ms (cache miss)
229 timing reifyNode:node_modules/@types/forever-agent Completed in 309ms
230 http fetch GET 200 https://registry.yarnpkg.com/@types/minimist/-/minimist-1.2.2.tgz 267ms (cache miss)
231 timing reifyNode:node_modules/@types/minimist Completed in 310ms
232 http fetch GET 200 https://registry.yarnpkg.com/@types/verror/-/verror-1.10.5.tgz 274ms (cache miss)
233 timing reifyNode:node_modules/@types/verror Completed in 312ms
234 http fetch GET 200 https://registry.yarnpkg.com/@types/extsprintf/-/extsprintf-1.4.2.tgz 263ms (cache miss)
235 timing reifyNode:node_modules/@types/extsprintf Completed in 311ms
236 http fetch GET 200 https://registry.yarnpkg.com/@types/getpass/-/getpass-0.1.1.tgz 265ms (cache miss)
237 timing reifyNode:node_modules/@types/getpass Completed in 312ms
238 http fetch GET 200 https://registry.yarnpkg.com/@types/caseless/-/caseless-0.12.2.tgz 262ms (cache miss)
239 timing reifyNode:node_modules/@types/caseless Completed in 313ms
240 http fetch GET 200 https://registry.yarnpkg.com/@types/asap/-/asap-2.0.0.tgz 259ms (cache miss)
241 timing reifyNode:node_modules/@types/asap Completed in 313ms
242 http fetch GET 200 https://registry.yarnpkg.com/@types/assert-plus/-/assert-plus-1.0.4.tgz 262ms (cache miss)
243 timing reifyNode:node_modules/@types/assert-plus Completed in 314ms
244 http fetch GET 200 https://registry.yarnpkg.com/@types/dashdash/-/dashdash-1.14.1.tgz 265ms (cache miss)
245 timing reifyNode:node_modules/@types/dashdash Completed in 315ms
246 http fetch GET 200 https://registry.yarnpkg.com/form-data/-/form-data-2.5.1.tgz 282ms (cache miss)
247 timing reifyNode:node_modules/form-data Completed in 317ms
248 http fetch GET 200 https://registry.yarnpkg.com/mime-db/-/mime-db-1.51.0.tgz 289ms (cache miss)
249 timing reifyNode:node_modules/mime-db Completed in 321ms
250 http fetch GET 200 https://registry.yarnpkg.com/@types/wordwrap/-/wordwrap-1.0.1.tgz 901ms (cache miss)
251 timing reifyNode:node_modules/@types/wordwrap Completed in 938ms
252 http fetch GET 200 https://registry.yarnpkg.com/@types/is-arguments/-/is-arguments-1.0.0.tgz 933ms (cache miss)
253 timing reifyNode:node_modules/@types/is-arguments Completed in 980ms
254 http fetch GET 200 https://registry.yarnpkg.com/@types/deep-equal/-/deep-equal-1.0.1.tgz 1000ms (cache miss)
255 timing reifyNode:node_modules/@types/deep-equal Completed in 1049ms
256 http fetch GET 200 https://registry.yarnpkg.com/@types/aws4/-/aws4-1.5.2.tgz 998ms (cache miss)
257 timing reifyNode:node_modules/@types/aws4 Completed in 1050ms
258 http fetch GET 200 https://registry.yarnpkg.com/@types/asn1/-/asn1-0.2.0.tgz 997ms (cache miss)
259 timing reifyNode:node_modules/@types/asn1 Completed in 1050ms
260 timing reify:unpack Completed in 1054ms
261 timing reify:unretire Completed in 0ms
262 timing build:queue Completed in 2ms
263 timing build:deps Completed in 2ms
264 timing build Completed in 2ms
265 timing reify:build Completed in 3ms
266 timing reify:trash Completed in 0ms
267 timing reify:save Completed in 75ms
268 timing reify Completed in 3584ms
269 silly ADD node_modules/mime-db
270 silly ADD node_modules/delayed-stream
271 silly ADD node_modules/mime-types
272 silly ADD node_modules/combined-stream
273 silly ADD node_modules/asynckit
274 silly ADD node_modules/form-data
275 silly ADD node_modules/@types/wordwrap
276 silly ADD node_modules/@types/verror
277 silly ADD node_modules/@types/uglify-js
278 silly ADD node_modules/@types/tough-cookie
279 silly ADD node_modules/@types/sshpk
280 silly ADD node_modules/@types/request
281 silly ADD node_modules/@types/punycode
282 silly ADD node_modules/@types/psl
283 silly ADD node_modules/@types/minimist
284 silly ADD node_modules/@types/json-stringify-safe
285 silly ADD node_modules/@types/json-schema
286 silly ADD node_modules/@types/jsbn
287 silly ADD node_modules/@types/isstream
288 silly ADD node_modules/@types/is-typedarray
289 silly ADD node_modules/@types/is-arguments
290 silly ADD node_modules/@types/getpass
291 silly ADD node_modules/@types/forever-agent
292 silly ADD node_modules/@types/extsprintf
293 silly ADD node_modules/@types/deep-equal
294 silly ADD node_modules/@types/dashdash
295 silly ADD node_modules/@types/caseless
296 silly ADD node_modules/@types/aws4
297 silly ADD node_modules/@types/assert-plus
298 silly ADD node_modules/@types/asn1
299 silly ADD node_modules/@types/asap
300 timing command:install Completed in 3593ms
301 verbose exit 0
302 timing npm Completed in 3840ms
303 info ok
