0 verbose cli [
0 verbose cli   '/usr/local/nvm/versions/node/v12.14.1/bin/node',
0 verbose cli   '/usr/local/nvm/versions/node/v12.14.1/bin/npm',
0 verbose cli   'install'
0 verbose cli ]
1 info using npm@8.2.0
2 info using node@v12.14.1
3 timing npm:load:whichnode Completed in 0ms
4 timing config:load:defaults Completed in 1ms
5 timing config:load:file:/usr/local/nvm/versions/node/v12.14.1/lib/node_modules/npm/npmrc Completed in 1ms
6 timing config:load:builtin Completed in 2ms
7 timing config:load:cli Completed in 2ms
8 timing config:load:env Completed in 0ms
9 timing config:load:file:/home/user207/sample-master/.npmrc Completed in 0ms
10 timing config:load:project Completed in 1ms
11 timing config:load:file:/home/user207/.npmrc Completed in 1ms
12 timing config:load:user Completed in 1ms
13 timing config:load:file:/usr/local/nvm/versions/node/v12.14.1/etc/npmrc Completed in 0ms
14 timing config:load:global Completed in 0ms
15 timing config:load:validate Completed in 0ms
16 timing config:load:credentials Completed in 1ms
17 timing config:load:setEnvs Completed in 1ms
18 timing config:load Completed in 10ms
19 timing npm:load:configload Completed in 10ms
20 timing npm:load:setTitle Completed in 1ms
21 timing config:load:flatten Completed in 3ms
22 timing npm:load:display Completed in 4ms
23 verbose logfile /home/user207/.npm/_logs/2022-01-11T06_13_16_639Z-debug-0.log
24 timing npm:load:logFile Completed in 5ms
25 timing npm:load:timers Completed in 0ms
26 timing npm:load:configScope Completed in 0ms
27 timing npm:load Completed in 21ms
28 timing arborist:ctor Completed in 1ms
29 timing idealTree:init Completed in 8ms
30 timing idealTree:userRequests Completed in 0ms
31 silly idealTree buildDeps
32 timing idealTree:#root Completed in 0ms
33 timing idealTree:buildDeps Completed in 2ms
34 timing idealTree:fixDepFlags Completed in 0ms
35 timing idealTree Completed in 12ms
36 timing reify:loadTrees Completed in 13ms
37 timing reify:diffTrees Completed in 0ms
38 silly reify moves {}
39 timing reify:retireShallow Completed in 0ms
40 timing reify:createSparse Completed in 0ms
41 timing reify:loadBundles Completed in 0ms
42 silly audit report null
43 timing reify:audit Completed in 1ms
44 timing reify:unpack Completed in 0ms
45 timing reify:unretire Completed in 0ms
46 timing build:queue Completed in 0ms
47 timing build:deps Completed in 0ms
48 timing build Completed in 1ms
49 timing reify:build Completed in 1ms
50 timing reify:trash Completed in 0ms
51 timing reify:save Completed in 2ms
52 timing reify Completed in 58ms
53 timing command:install Completed in 62ms
54 verbose stack Error: ENOENT: no such file or directory, open '/home/user207/sample-master/package.json'
55 verbose cwd /home/user207/sample-master
56 verbose Linux 5.10.68+
57 verbose argv "/usr/local/nvm/versions/node/v12.14.1/bin/node" "/usr/local/nvm/versions/node/v12.14.1/bin/npm" "install"
58 verbose node v12.14.1
59 verbose npm  v8.2.0
60 error code ENOENT
61 error syscall open
62 error path /home/user207/sample-master/package.json
63 error errno -2
64 error enoent ENOENT: no such file or directory, open '/home/user207/sample-master/package.json'
65 error enoent This is related to npm not being able to find a file.
65 error enoent
66 verbose exit -2
67 timing npm Completed in 359ms
68 verbose code -2
69 error A complete log of this run can be found in:
69 error     /home/user207/.npm/_logs/2022-01-11T06_13_16_639Z-debug-0.log
